<?xml version="1.0" encoding="UTF-8"?>
<!-- Generated by org.testng.reporters.JUnitReportReporter -->
<testsuite skipped="0" hostname="LAPTOP-JUA214HQ" name="Teknotrait_employee.Teknotrait_employee.Category_module" tests="4" failures="0" timestamp="2020-09-03T16:35:07 IST" time="9.916" errors="0">
  <testcase name="addCategory" time="4.974" classname="Teknotrait_employee.Teknotrait_employee.Category_module"/>
  <system-out/>
  <testcase name="getCategoryById" time="1.815" classname="Teknotrait_employee.Teknotrait_employee.Category_module"/>
  <system-out/>
  <testcase name="editCategoryById" time="1.578" classname="Teknotrait_employee.Teknotrait_employee.Category_module"/>
  <system-out/>
  <testcase name="deleteCategory" time="1.549" classname="Teknotrait_employee.Teknotrait_employee.Category_module"/>
  <system-out/>
</testsuite> <!-- Teknotrait_employee.Teknotrait_employee.Category_module -->
