<?xml version="1.0" encoding="UTF-8"?>
<!-- Generated by org.testng.reporters.JUnitReportReporter -->
<testsuite skipped="0" hostname="LAPTOP-JUA214HQ" name="Teknotrait_employee.Teknotrait_employee.Public_login" tests="1" failures="0" timestamp="2020-09-03T16:25:36 IST" time="5.674" errors="0">
  <testcase name="publicLogin" time="5.674" classname="Teknotrait_employee.Teknotrait_employee.Public_login"/>
  <system-out/>
</testsuite> <!-- Teknotrait_employee.Teknotrait_employee.Public_login -->
